<?xml version="1.0" encoding="UTF-8"?>
<!-- Generated by org.testng.reporters.JUnitXMLReporter -->
<testsuite ignored="2" hostname="DESKTOP-AA44R9J" failures="0" tests="1" name="Default test" time="7.262" errors="0" timestamp="2023-01-09T22:39:09 IST">
  <testcase classname="RestAssuredTests.RestAPI_PostRequest" name="Postusers" time="7.147"/>
  <testcase classname="RestAssuredTests.RestAPI_PostRequest" name="createNewUsers" time="0.0">
    <ignored/>
  </testcase> <!-- createNewUsers -->
  <testcase classname="RestAssuredTests.RestAPI_PostRequest" name="updateNewUsers" time="0.0">
    <ignored/>
  </testcase> <!-- updateNewUsers -->
</testsuite> <!-- Default test -->
