<?xml version="1.0" encoding="UTF-8"?>
<testng-results ignored="2" total="3" passed="1" failed="0" skipped="0">
  <reporter-output>
  </reporter-output>
  <suite started-at="2023-01-09T22:39:01 IST" name="Default suite" finished-at="2023-01-09T22:39:09 IST" duration-ms="7262">
    <groups>
    </groups>
    <test started-at="2023-01-09T22:39:01 IST" name="Default test" finished-at="2023-01-09T22:39:09 IST" duration-ms="7262">
      <class name="RestAssuredTests.RestAPI_PostRequest">
        <test-method signature="Postusers()[pri:0, instance:RestAssuredTests.RestAPI_PostRequest@2fb3536e]" started-at="2023-01-09T22:39:02 IST" name="Postusers" finished-at="2023-01-09T22:39:09 IST" duration-ms="7147" status="PASS">
          <reporter-output>
          </reporter-output>
        </test-method> <!-- Postusers -->
      </class> <!-- RestAssuredTests.RestAPI_PostRequest -->
    </test> <!-- Default test -->
  </suite> <!-- Default suite -->
</testng-results>
